<?xml version="1.0" encoding="UTF-8"?>
<!-- Generated by org.testng.reporters.JUnitReportReporter -->
<testsuite hostname="DESKTOP-JKKH6Q5" failures="0" tests="1" name="com.acitime.testscript.CustomerModule" time="31.135" errors="0" timestamp="2023-05-17T07:57:01 IST" skipped="0">
  <testcase classname="com.acitime.testscript.CustomerModule" name="testcreateCustomer" time="31.135"/>
  <system-out>
    <![CDATA[create]]>
  </system-out>
</testsuite> <!-- com.acitime.testscript.CustomerModule -->
